[     273ms] [ERROR] Failed to load resource: the server responded with a status of 404 (File not found) @ http://127.0.0.1:4173/favicon.ico:0
[   17259ms] [LOG] test:: dispatchOverlay After {type: REMOVE_ALL} {current: null, overlayOrderList: Array(0), overlayData: Object} @ https://cdn.tossplace.com/toss-front-sdk/v0/index.js:30
[  103347ms] [LOG] test:: dispatchOverlay After {type: REMOVE_ALL} {current: null, overlayOrderList: Array(0), overlayData: Object} @ https://cdn.tossplace.com/toss-front-sdk/v0/index.js:30
[  121916ms] [LOG] test:: dispatchOverlay After {type: REMOVE_ALL} {current: null, overlayOrderList: Array(0), overlayData: Object} @ https://cdn.tossplace.com/toss-front-sdk/v0/index.js:30
[  121917ms] [ERROR] NotFoundError: Failed to execute 'removeChild' on 'Node': The node to be removed is not a child of this node.
    at ul (https://cdn.tossplace.com/toss-front-sdk/v0/index.js:3:220837)
    at cl (https://cdn.tossplace.com/toss-front-sdk/v0/index.js:3:220541)
    at ul (https://cdn.tossplace.com/toss-front-sdk/v0/index.js:3:221290)
    at cl (https://cdn.tossplace.com/toss-front-sdk/v0/index.js:3:220541)
    at ul (https://cdn.tossplace.com/toss-front-sdk/v0/index.js:3:221614)
    at cl (https://cdn.tossplace.com/toss-front-sdk/v0/index.js:3:220541)
    at ul (https://cdn.tossplace.com/toss-front-sdk/v0/index.js:3:221290)
    at cl (https://cdn.tossplace.com/toss-front-sdk/v0/index.js:3:220541)
    at ul (https://cdn.tossplace.com/toss-front-sdk/v0/index.js:3:221290)
    at cl (https://cdn.tossplace.com/toss-front-sdk/v0/index.js:3:220541) @ https://cdn.tossplace.com/toss-front-sdk/v0/index.js:2
[  121918ms] Uncaught NotFoundError: Failed to execute 'removeChild' on 'Node': The node to be removed is not a child of this node.
    at ul (https://cdn.tossplace.com/toss-front-sdk/v0/index.js:2:220836)
    at cl (https://cdn.tossplace.com/toss-front-sdk/v0/index.js:2:220540)
    at ul (https://cdn.tossplace.com/toss-front-sdk/v0/index.js:2:221289)
    at cl (https://cdn.tossplace.com/toss-front-sdk/v0/index.js:2:220540)
    at ul (https://cdn.tossplace.com/toss-front-sdk/v0/index.js:2:221613)
    at cl (https://cdn.tossplace.com/toss-front-sdk/v0/index.js:2:220540)
    at ul (https://cdn.tossplace.com/toss-front-sdk/v0/index.js:2:221289)
    at cl (https://cdn.tossplace.com/toss-front-sdk/v0/index.js:2:220540)
    at ul (https://cdn.tossplace.com/toss-front-sdk/v0/index.js:2:221289)
    at cl (https://cdn.tossplace.com/toss-front-sdk/v0/index.js:2:220540)
    at ul (https://cdn.tossplace.com/toss-front-sdk/v0/index.js:2:221613)
    at cl (https://cdn.tossplace.com/toss-front-sdk/v0/index.js:2:220540)
    at ul (https://cdn.tossplace.com/toss-front-sdk/v0/index.js:2:221289)
    at cl (https://cdn.tossplace.com/toss-front-sdk/v0/index.js:2:220540)
    at ul (https://cdn.tossplace.com/toss-front-sdk/v0/index.js:2:221613)
    at cl (https://cdn.tossplace.com/toss-front-sdk/v0/index.js:2:220540)
    at ul (https://cdn.tossplace.com/toss-front-sdk/v0/index.js:2:221289)
    at cl (https://cdn.tossplace.com/toss-front-sdk/v0/index.js:2:220540)
    at ul (https://cdn.tossplace.com/toss-front-sdk/v0/index.js:2:221613)
    at cl (https://cdn.tossplace.com/toss-front-sdk/v0/index.js:2:220540)
    at ul (https://cdn.tossplace.com/toss-front-sdk/v0/index.js:2:221289)
    at cl (https://cdn.tossplace.com/toss-front-sdk/v0/index.js:2:220540)
    at ul (https://cdn.tossplace.com/toss-front-sdk/v0/index.js:2:221613)
    at cl (https://cdn.tossplace.com/toss-front-sdk/v0/index.js:2:220540)
    at ul (https://cdn.tossplace.com/toss-front-sdk/v0/index.js:2:221289)
    at cl (https://cdn.tossplace.com/toss-front-sdk/v0/index.js:2:220540)
    at ul (https://cdn.tossplace.com/toss-front-sdk/v0/index.js:2:221613)
    at cl (https://cdn.tossplace.com/toss-front-sdk/v0/index.js:2:220540)
    at ul (https://cdn.tossplace.com/toss-front-sdk/v0/index.js:2:221289)
    at cl (https://cdn.tossplace.com/toss-front-sdk/v0/index.js:2:220540)
    at ul (https://cdn.tossplace.com/toss-front-sdk/v0/index.js:2:221613)
    at cl (https://cdn.tossplace.com/toss-front-sdk/v0/index.js:2:220540)
    at ul (https://cdn.tossplace.com/toss-front-sdk/v0/index.js:2:221289)
    at cl (https://cdn.tossplace.com/toss-front-sdk/v0/index.js:2:220540)
    at ul (https://cdn.tossplace.com/toss-front-sdk/v0/index.js:2:221613)
    at cl (https://cdn.tossplace.com/toss-front-sdk/v0/index.js:2:220540)
    at ul (https://cdn.tossplace.com/toss-front-sdk/v0/index.js:2:221289)
    at cl (https://cdn.tossplace.com/toss-front-sdk/v0/index.js:2:220540)
    at ul (https://cdn.tossplace.com/toss-front-sdk/v0/index.js:2:221613)
    at cl (https://cdn.tossplace.com/toss-front-sdk/v0/index.js:2:220540)
    at ul (https://cdn.tossplace.com/toss-front-sdk/v0/index.js:2:221289)
    at cl (https://cdn.tossplace.com/toss-front-sdk/v0/index.js:2:220540)
    at ul (https://cdn.tossplace.com/toss-front-sdk/v0/index.js:2:221613)
    at cl (https://cdn.tossplace.com/toss-front-sdk/v0/index.js:2:220540)
    at ul (https://cdn.tossplace.com/toss-front-sdk/v0/index.js:2:221289)
    at cl (https://cdn.tossplace.com/toss-front-sdk/v0/index.js:2:220540)
    at ul (https://cdn.tossplace.com/toss-front-sdk/v0/index.js:2:221613)
    at cl (https://cdn.tossplace.com/toss-front-sdk/v0/index.js:2:220540)
    at ul (https://cdn.tossplace.com/toss-front-sdk/v0/index.js:2:221289)
    at cl (https://cdn.tossplace.com/toss-front-sdk/v0/index.js:2:220540)
    at ul (https://cdn.tossplace.com/toss-front-sdk/v0/index.js:2:221613)
    at cl (https://cdn.tossplace.com/toss-front-sdk/v0/index.js:2:220540)
    at ul (https://cdn.tossplace.com/toss-front-sdk/v0/index.js:2:221289)
    at cl (https://cdn.tossplace.com/toss-front-sdk/v0/index.js:2:220540)
    at ul (https://cdn.tossplace.com/toss-front-sdk/v0/index.js:2:221613)
    at cl (https://cdn.tossplace.com/toss-front-sdk/v0/index.js:2:220540)
    at ul (https://cdn.tossplace.com/toss-front-sdk/v0/index.js:2:221289)
    at cl (https://cdn.tossplace.com/toss-front-sdk/v0/index.js:2:220540)
    at ul (https://cdn.tossplace.com/toss-front-sdk/v0/index.js:2:221289)
    at cl (https://cdn.tossplace.com/toss-front-sdk/v0/index.js:2:220540)
    at ul (https://cdn.tossplace.com/toss-front-sdk/v0/index.js:2:221289)
    at cl (https://cdn.tossplace.com/toss-front-sdk/v0/index.js:2:220540)
    at ul (https://cdn.tossplace.com/toss-front-sdk/v0/index.js:2:221289)
    at pl (https://cdn.tossplace.com/toss-front-sdk/v0/index.js:2:222101)
    at fl (https://cdn.tossplace.com/toss-front-sdk/v0/index.js:2:223550)
    at <anonymous> (https://cdn.tossplace.com/toss-front-sdk/v0/index.js:2:237303)
    at vc (https://cdn.tossplace.com/toss-front-sdk/v0/index.js:2:237847)
    at oc (https://cdn.tossplace.com/toss-front-sdk/v0/index.js:2:231660)
    at La (https://cdn.tossplace.com/toss-front-sdk/v0/index.js:2:172639)
    at <anonymous> (https://cdn.tossplace.com/toss-front-sdk/v0/index.js:2:229086)
[  121918ms] [LOG] test:: dispatchOverlay After {type: REMOVE_ALL} {current: null, overlayOrderList: Array(0), overlayData: Object} @ https://cdn.tossplace.com/toss-front-sdk/v0/index.js:30
